<?xml version="1.0" encoding="UTF-8"?>
<!-- Generated by org.testng.reporters.JUnitReportReporter -->
<testsuite skipped="0" hostname="Pankajs-MacBook-Air.local" name="com.test.APIAutomationPetStore.tests.PetStorePost" tests="1" failures="0" timestamp="2020-10-25T11:58:40 IST" time="1.886" errors="0">
  <testcase name="postNewPet" time="1.886" classname="com.test.APIAutomationPetStore.tests.PetStorePost"/>
  <system-out/>
</testsuite> <!-- com.test.APIAutomationPetStore.tests.PetStorePost -->
