<?xml version="1.0" encoding="UTF-8"?>
<!-- Generated by org.testng.reporters.JUnitReportReporter -->
<testsuite skipped="0" hostname="Pankajs-MacBook-Air.local" name="com.test.APIAutomationPetStore.tests.PetStorePut" tests="1" failures="0" timestamp="2020-10-25T11:58:35 IST" time="1.589" errors="0">
  <testcase name="updateStatus" time="1.589" classname="com.test.APIAutomationPetStore.tests.PetStorePut"/>
  <system-out/>
</testsuite> <!-- com.test.APIAutomationPetStore.tests.PetStorePut -->
