<?xml version="1.0" encoding="UTF-8"?>
<!-- Generated by org.testng.reporters.JUnitReportReporter -->
<testsuite skipped="0" hostname="Pankajs-MacBook-Air.local" name="com.test.APIAutomationPetStore.tests.GetAllAvailablePets" tests="1" failures="0" timestamp="2020-10-25T11:58:25 IST" time="3.581" errors="0">
  <testcase name="getAllAvailablePets" time="3.581" classname="com.test.APIAutomationPetStore.tests.GetAllAvailablePets"/>
  <system-out/>
</testsuite> <!-- com.test.APIAutomationPetStore.tests.GetAllAvailablePets -->
