<?xml version="1.0" encoding="UTF-8"?>
<!-- Generated by org.testng.reporters.JUnitReportReporter -->
<testsuite skipped="0" hostname="Pankajs-MacBook-Air.local" name="com.test.APIAutomationPetStore.tests.PetStoreDelete" tests="1" failures="0" timestamp="2020-10-25T12:28:32 IST" time="5.875" errors="0">
  <testcase name="deletePet" time="5.875" classname="com.test.APIAutomationPetStore.tests.PetStoreDelete"/>
  <system-out/>
</testsuite> <!-- com.test.APIAutomationPetStore.tests.PetStoreDelete -->
